<?xml version="1.0" encoding="UTF-8"?>
<!-- Generated by org.testng.reporters.JUnitReportReporter -->
<testsuite hostname="Kanchan-PC" name="com.crm.qa.testcases.LoginPageTest" tests="2" failures="0" timestamp="7 Aug 2019 14:57:07 GMT" time="62.513" errors="0">
  <testcase name="LoginTest" time="26.689" classname="com.crm.qa.testcases.LoginPageTest"/>
  <testcase name="LoginPageTitleTest" time="35.824" classname="com.crm.qa.testcases.LoginPageTest"/>
</testsuite> <!-- com.crm.qa.testcases.LoginPageTest -->
