<?xml version="1.0" encoding="UTF-8"?>
<!-- Generated by org.testng.reporters.JUnitReportReporter -->
<testsuite hostname="Kanchan-PC" name="com.crm.qa.testcases.HomePageTest" tests="3" failures="0" timestamp="7 Aug 2019 14:57:07 GMT" time="73.518" errors="0">
  <testcase name="HomePageLogoTest" time="22.614" classname="com.crm.qa.testcases.HomePageTest"/>
  <testcase name="HomePageTitleTest" time="23.988" classname="com.crm.qa.testcases.HomePageTest"/>
  <testcase name="ContactBtnTest" time="26.916" classname="com.crm.qa.testcases.HomePageTest"/>
</testsuite> <!-- com.crm.qa.testcases.HomePageTest -->
